Arguments: 
  /usr/local/bin/node /usr/bin/yarn install

PATH: 
  /home/karl/.local/share/pnpm:/home/karl/.local/share/pnpm:/home/karl/.zinit/polaris/bin:/home/karl/.cargo/bin:/home/karl/.local/bin:/usr/local/sbin:/usr/local/bin:/usr/sbin:/usr/bin:/sbin:/bin:/usr/games:/usr/local/games:/snap/bin:/home/karl/Android/Sdk/emulator:/home/karl/Android/Sdk/platform-tools:/home/karl/Android/Sdk/emulator:/home/karl/Android/Sdk/platform-tools

Yarn version: 
  1.22.11

Node version: 
  16.14.0

Platform: 
  linux x64

Trace: 
  Error: ENOENT: no such file or directory, copyfile '/home/karl/.cache/yarn/v6/npm-globby-11.1.0-bd4be98bb042f83d796f7e3811991fbe82a0d34b-integrity/node_modules/globby/gitignore.js' -> '/home/karl/projetos/sgjd/sgjd-node/node_modules/@typescript-eslint/typescript-estree/node_modules/globby/gitignore.js'

npm manifest: 
  {
    "name": "backend",
    "private": true,
    "version": "0.1.0",
    "type": "module",
    "devDependencies": {
      "@typescript-eslint/eslint-plugin": "^5.48.2",
      "@typescript-eslint/parser": "^5.48.2",
      "eslint": "^8.32.0",
      "eslint-config-airbnb": "^19.0.4",
      "eslint-config-airbnb-base": "^15.0.0",
      "eslint-config-airbnb-typescript": "^17.0.0",
      "eslint-config-prettier": "^8.6.0",
      "eslint-config-standard-with-typescript": "^33.0.0",
      "eslint-import-resolver-typescript": "^3.5.3",
      "eslint-plugin-eslint-comments": "^3.2.0",
      "eslint-plugin-eslint-plugin": "^5.0.7",
      "eslint-plugin-flowtype": "^8.0.3",
      "eslint-plugin-import": "^2.27.5",
      "eslint-plugin-n": "^15.6.1",
      "eslint-plugin-no-loops": "^0.3.0",
      "eslint-plugin-prettier": "^4.2.1",
      "eslint-plugin-promise": "^6.1.1",
      "eslint-plugin-simple-import-sort": "^9.0.0",
      "eslint-plugin-sort-imports-es6-autofix": "^0.6.0",
      "eslint-plugin-sort-keys-fix": "^1.1.2",
      "eslint-plugin-unused-imports": "^2.0.0",
      "prettier": "^2.8.3",
      "typescript": "^4.9.4"
    }
  }

yarn manifest: 
  No manifest

Lockfile: 
  No lockfile
